Arguments: 
  /usr/local/bin/node /Users/crazyair/.yarn/bin/yarn.js add webpack webpack-cli webpack-dev-serve -D

PATH: 
  /Users/crazyair/.yarn/bin:/Users/crazyair/.config/yarn/global/node_modules/.bin:/usr/local/bin:/usr/bin:/bin:/usr/sbin:/sbin:/Users/crazyair/.yarn/bin:/Users/crazyair/.config/yarn/global/node_modules/.bin

Yarn version: 
  1.22.5

Node version: 
  10.23.0

Platform: 
  darwin x64

Trace: 
  Error: https://registry.yarnpkg.com/webpack-dev-serve: Not found
      at Request.params.callback [as _callback] (/Users/crazyair/.yarn/lib/cli.js:66988:18)
      at Request.self.callback (/Users/crazyair/.yarn/lib/cli.js:140749:22)
      at Request.emit (events.js:198:13)
      at Request.<anonymous> (/Users/crazyair/.yarn/lib/cli.js:141721:10)
      at Request.emit (events.js:198:13)
      at IncomingMessage.<anonymous> (/Users/crazyair/.yarn/lib/cli.js:141643:12)
      at Object.onceWrapper (events.js:286:20)
      at IncomingMessage.emit (events.js:203:15)
      at endReadableNT (_stream_readable.js:1145:12)
      at process._tickCallback (internal/process/next_tick.js:63:19)

npm manifest: 
  {
    "name": "host",
    "version": "1.0.0",
    "description": "",
    "main": "index.js",
    "scripts": {
      "test": "echo \"Error: no test specified\" && exit 1"
    },
    "keywords": [],
    "author": "",
    "license": "ISC"
  }

yarn manifest: 
  No manifest

Lockfile: 
  No lockfile
